2021/09/20 14:51:53 [emerg] 49#49: io_setup() failed (38: Function not implemented)
2021/09/20 14:51:53 [emerg] 51#51: io_setup() failed (38: Function not implemented)
2021/09/20 14:51:53 [emerg] 47#47: io_setup() failed (38: Function not implemented)
2021/09/20 14:51:53 [emerg] 54#54: io_setup() failed (38: Function not implemented)
2021/09/20 14:51:53 [emerg] 53#53: io_setup() failed (38: Function not implemented)
2021/09/20 14:51:53 [emerg] 55#55: io_setup() failed (38: Function not implemented)
2021/09/20 14:54:17 [error] 51#51: *1 open() "/var/www/users/create" failed (2: No such file or directory), client: 172.21.0.1, server: crud.local, request: "GET /users/create HTTP/1.1", host: "crud.local"
2021/09/20 14:55:09 [emerg] 46#46: io_setup() failed (38: Function not implemented)
2021/09/20 14:55:09 [emerg] 52#52: io_setup() failed (38: Function not implemented)
2021/09/20 14:55:09 [emerg] 48#48: io_setup() failed (38: Function not implemented)
2021/09/20 14:55:09 [emerg] 53#53: io_setup() failed (38: Function not implemented)
2021/09/20 14:55:09 [emerg] 50#50: io_setup() failed (38: Function not implemented)
2021/09/20 14:55:09 [emerg] 54#54: io_setup() failed (38: Function not implemented)
2021/09/20 14:55:18 [error] 52#52: *1 open() "/var/www/users/create" failed (2: No such file or directory), client: 172.21.0.1, server: crud.local, request: "GET /users/create HTTP/1.1", host: "crud.local"
2021/09/20 14:55:19 [error] 52#52: *1 open() "/var/www/users/create" failed (2: No such file or directory), client: 172.21.0.1, server: crud.local, request: "GET /users/create HTTP/1.1", host: "crud.local"
2021/09/20 14:56:01 [emerg] 52#52: io_setup() failed (38: Function not implemented)
2021/09/20 14:56:01 [emerg] 50#50: io_setup() failed (38: Function not implemented)
2021/09/20 14:56:01 [emerg] 48#48: io_setup() failed (38: Function not implemented)
2021/09/20 14:56:01 [emerg] 54#54: io_setup() failed (38: Function not implemented)
2021/09/20 14:56:01 [emerg] 56#56: io_setup() failed (38: Function not implemented)
2021/09/20 14:56:01 [emerg] 57#57: io_setup() failed (38: Function not implemented)
2021/09/20 14:56:08 [error] 50#50: *1 open() "/var/www/asd/asd" failed (2: No such file or directory), client: 172.21.0.1, server: crud.local, request: "GET /asd/asd HTTP/1.1", host: "crud.local"
2021/09/20 14:56:44 [emerg] 46#46: io_setup() failed (38: Function not implemented)
2021/09/20 14:56:44 [emerg] 50#50: io_setup() failed (38: Function not implemented)
2021/09/20 14:56:44 [emerg] 48#48: io_setup() failed (38: Function not implemented)
2021/09/20 14:56:44 [emerg] 54#54: io_setup() failed (38: Function not implemented)
2021/09/20 14:56:44 [emerg] 55#55: io_setup() failed (38: Function not implemented)
2021/09/20 14:56:44 [emerg] 52#52: io_setup() failed (38: Function not implemented)
2021/09/21 06:22:48 [emerg] 1#1: host not found in upstream "php" in /etc/nginx/conf.d/crud.conf:15
2021/09/21 06:23:54 [emerg] 1#1: host not found in upstream "php" in /etc/nginx/conf.d/crud.conf:15
2021/09/21 06:24:26 [emerg] 1#1: host not found in upstream "php" in /etc/nginx/conf.d/crud.conf:15
2021/09/21 06:24:31 [emerg] 1#1: host not found in upstream "php" in /etc/nginx/conf.d/crud.conf:15
2021/09/21 06:24:37 [emerg] 1#1: host not found in upstream "php" in /etc/nginx/conf.d/crud.conf:15
2021/09/21 06:24:43 [emerg] 1#1: host not found in upstream "php" in /etc/nginx/conf.d/crud.conf:15
2021/09/21 06:24:49 [notice] 1#1: using the "epoll" event method
2021/09/21 06:24:49 [notice] 1#1: nginx/1.21.3
2021/09/21 06:24:49 [notice] 1#1: built by gcc 10.3.1 20210424 (Alpine 10.3.1_git20210424) 
2021/09/21 06:24:49 [notice] 1#1: OS: Linux 5.4.0-84-generic
2021/09/21 06:24:49 [notice] 1#1: getrlimit(RLIMIT_NOFILE): 1048576:1048576
2021/09/21 06:24:49 [notice] 1#1: start worker processes
2021/09/21 06:24:49 [notice] 1#1: start worker process 21
2021/09/21 06:24:49 [notice] 1#1: start worker process 22
2021/09/21 06:24:49 [notice] 1#1: start worker process 23
2021/09/21 06:24:49 [notice] 1#1: start worker process 24
2021/09/21 09:17:07 [error] 21#21: *14 FastCGI sent in stderr: "Primary script unknown" while reading response header from upstream, client: 172.19.0.1, server: crud.local, request: "GET /createDocs.php HTTP/1.1", upstream: "fastcgi://172.19.0.3:9000", host: "crud.local"
2021/09/21 13:46:05 [notice] 1#1: signal 3 (SIGQUIT) received, shutting down
2021/09/21 13:46:05 [notice] 22#22: gracefully shutting down
2021/09/21 13:46:05 [notice] 22#22: exiting
2021/09/21 13:46:05 [notice] 22#22: exit
2021/09/21 13:46:05 [notice] 23#23: gracefully shutting down
2021/09/21 13:46:05 [notice] 23#23: exiting
2021/09/21 13:46:05 [notice] 23#23: exit
2021/09/21 13:46:05 [notice] 24#24: gracefully shutting down
2021/09/21 13:46:05 [notice] 24#24: exiting
2021/09/21 13:46:05 [notice] 24#24: exit
2021/09/21 13:46:05 [notice] 21#21: gracefully shutting down
2021/09/21 13:46:05 [notice] 21#21: exiting
2021/09/21 13:46:05 [notice] 21#21: exit
2021/09/21 13:46:05 [notice] 1#1: signal 17 (SIGCHLD) received from 24
2021/09/21 13:46:05 [notice] 1#1: worker process 24 exited with code 0
2021/09/21 13:46:05 [notice] 1#1: signal 29 (SIGIO) received
2021/09/21 13:46:05 [notice] 1#1: signal 17 (SIGCHLD) received from 23
2021/09/21 13:46:05 [notice] 1#1: worker process 23 exited with code 0
2021/09/21 13:46:05 [notice] 1#1: signal 29 (SIGIO) received
2021/09/21 13:46:05 [notice] 1#1: signal 17 (SIGCHLD) received from 22
2021/09/21 13:46:05 [notice] 1#1: worker process 22 exited with code 0
2021/09/21 13:46:05 [notice] 1#1: signal 29 (SIGIO) received
2021/09/21 13:46:05 [notice] 1#1: signal 17 (SIGCHLD) received from 21
2021/09/21 13:46:05 [notice] 1#1: worker process 21 exited with code 0
2021/09/21 13:46:05 [notice] 1#1: exit
2021/09/22 05:50:33 [emerg] 1#1: host not found in upstream "php" in /etc/nginx/conf.d/crud.conf:15
2021/09/22 05:50:39 [emerg] 1#1: host not found in upstream "php" in /etc/nginx/conf.d/crud.conf:15
2021/09/22 05:50:45 [emerg] 1#1: host not found in upstream "php" in /etc/nginx/conf.d/crud.conf:15
2021/09/22 05:50:51 [emerg] 1#1: host not found in upstream "php" in /etc/nginx/conf.d/crud.conf:15
2021/09/22 05:50:58 [emerg] 1#1: host not found in upstream "php" in /etc/nginx/conf.d/crud.conf:15
2021/09/22 05:51:05 [emerg] 1#1: host not found in upstream "php" in /etc/nginx/conf.d/crud.conf:15
2021/09/22 05:51:14 [emerg] 1#1: host not found in upstream "php" in /etc/nginx/conf.d/crud.conf:15
2021/09/22 05:51:26 [emerg] 1#1: host not found in upstream "php" in /etc/nginx/conf.d/crud.conf:15
2021/09/22 05:51:44 [emerg] 1#1: host not found in upstream "php" in /etc/nginx/conf.d/crud.conf:15
2021/09/22 05:52:15 [emerg] 1#1: host not found in upstream "php" in /etc/nginx/conf.d/crud.conf:15
2021/09/22 05:53:12 [emerg] 1#1: host not found in upstream "php" in /etc/nginx/conf.d/crud.conf:15
2021/09/22 05:54:17 [emerg] 1#1: host not found in upstream "php" in /etc/nginx/conf.d/crud.conf:15
2021/09/22 05:54:23 [emerg] 1#1: host not found in upstream "php" in /etc/nginx/conf.d/crud.conf:15
2021/09/22 05:54:29 [emerg] 1#1: host not found in upstream "php" in /etc/nginx/conf.d/crud.conf:15
2021/09/22 05:54:34 [emerg] 1#1: host not found in upstream "php" in /etc/nginx/conf.d/crud.conf:15
2021/09/22 05:54:40 [emerg] 1#1: host not found in upstream "php" in /etc/nginx/conf.d/crud.conf:15
2021/09/22 05:54:47 [emerg] 1#1: host not found in upstream "php" in /etc/nginx/conf.d/crud.conf:15
2021/09/22 05:54:54 [emerg] 1#1: host not found in upstream "php" in /etc/nginx/conf.d/crud.conf:15
2021/09/22 05:55:02 [notice] 1#1: using the "epoll" event method
2021/09/22 05:55:02 [notice] 1#1: nginx/1.21.3
2021/09/22 05:55:02 [notice] 1#1: built by gcc 10.3.1 20210424 (Alpine 10.3.1_git20210424) 
2021/09/22 05:55:02 [notice] 1#1: OS: Linux 5.4.0-84-generic
2021/09/22 05:55:02 [notice] 1#1: getrlimit(RLIMIT_NOFILE): 1048576:1048576
2021/09/22 05:55:02 [notice] 1#1: start worker processes
2021/09/22 05:55:02 [notice] 1#1: start worker process 21
2021/09/22 05:55:02 [notice] 1#1: start worker process 22
2021/09/22 05:55:02 [notice] 1#1: start worker process 23
2021/09/22 05:55:02 [notice] 1#1: start worker process 24
2021/09/22 15:03:18 [notice] 1#1: signal 3 (SIGQUIT) received, shutting down
2021/09/22 15:03:18 [notice] 22#22: gracefully shutting down
2021/09/22 15:03:18 [notice] 22#22: exiting
2021/09/22 15:03:18 [notice] 22#22: exit
2021/09/22 15:03:18 [notice] 23#23: gracefully shutting down
2021/09/22 15:03:18 [notice] 23#23: exiting
2021/09/22 15:03:18 [notice] 23#23: exit
2021/09/22 15:03:18 [notice] 24#24: gracefully shutting down
2021/09/22 15:03:18 [notice] 24#24: exiting
2021/09/22 15:03:18 [notice] 24#24: exit
2021/09/22 15:03:18 [notice] 21#21: gracefully shutting down
2021/09/22 15:03:18 [notice] 21#21: exiting
2021/09/22 15:03:18 [notice] 21#21: exit
2021/09/22 15:03:18 [notice] 1#1: signal 17 (SIGCHLD) received from 22
2021/09/22 15:03:18 [notice] 1#1: worker process 22 exited with code 0
2021/09/22 15:03:18 [notice] 1#1: worker process 23 exited with code 0
2021/09/22 15:03:18 [notice] 1#1: worker process 24 exited with code 0
2021/09/22 15:03:18 [notice] 1#1: signal 29 (SIGIO) received
2021/09/22 15:03:18 [notice] 1#1: signal 17 (SIGCHLD) received from 21
2021/09/22 15:03:18 [notice] 1#1: worker process 21 exited with code 0
2021/09/22 15:03:18 [notice] 1#1: exit
2021/09/23 06:05:41 [emerg] 1#1: host not found in upstream "php" in /etc/nginx/conf.d/crud.conf:15
2021/09/23 06:05:46 [emerg] 1#1: host not found in upstream "php" in /etc/nginx/conf.d/crud.conf:15
2021/09/23 06:05:52 [emerg] 1#1: host not found in upstream "php" in /etc/nginx/conf.d/crud.conf:15
2021/09/23 06:05:58 [emerg] 1#1: host not found in upstream "php" in /etc/nginx/conf.d/crud.conf:15
2021/09/23 06:06:05 [emerg] 1#1: host not found in upstream "php" in /etc/nginx/conf.d/crud.conf:15
2021/09/23 06:06:12 [emerg] 1#1: host not found in upstream "php" in /etc/nginx/conf.d/crud.conf:15
2021/09/23 06:06:21 [emerg] 1#1: host not found in upstream "php" in /etc/nginx/conf.d/crud.conf:15
2021/09/23 06:06:32 [emerg] 1#1: host not found in upstream "php" in /etc/nginx/conf.d/crud.conf:15
2021/09/23 06:06:51 [emerg] 1#1: host not found in upstream "php" in /etc/nginx/conf.d/crud.conf:15
2021/09/23 06:07:22 [emerg] 1#1: host not found in upstream "php" in /etc/nginx/conf.d/crud.conf:15
2021/09/23 06:08:40 [emerg] 1#1: host not found in upstream "php" in /etc/nginx/conf.d/crud.conf:15
2021/09/23 06:08:46 [emerg] 1#1: host not found in upstream "php" in /etc/nginx/conf.d/crud.conf:15
2021/09/23 06:08:51 [emerg] 1#1: host not found in upstream "php" in /etc/nginx/conf.d/crud.conf:15
2021/09/23 06:08:57 [emerg] 1#1: host not found in upstream "php" in /etc/nginx/conf.d/crud.conf:15
2021/09/23 06:09:03 [emerg] 1#1: host not found in upstream "php" in /etc/nginx/conf.d/crud.conf:15
2021/09/23 06:09:10 [emerg] 1#1: host not found in upstream "php" in /etc/nginx/conf.d/crud.conf:15
2021/09/23 06:09:19 [emerg] 1#1: host not found in upstream "php" in /etc/nginx/conf.d/crud.conf:15
2021/09/23 06:09:31 [emerg] 1#1: host not found in upstream "php" in /etc/nginx/conf.d/crud.conf:15
2021/09/23 06:09:49 [emerg] 1#1: host not found in upstream "php" in /etc/nginx/conf.d/crud.conf:15
2021/09/23 06:10:21 [emerg] 1#1: host not found in upstream "php" in /etc/nginx/conf.d/crud.conf:15
2021/09/23 06:11:17 [emerg] 1#1: host not found in upstream "php" in /etc/nginx/conf.d/crud.conf:15
2021/09/23 06:12:23 [emerg] 1#1: host not found in upstream "php" in /etc/nginx/conf.d/crud.conf:15
2021/09/23 06:13:28 [emerg] 1#1: host not found in upstream "php" in /etc/nginx/conf.d/crud.conf:15
2021/09/23 06:14:34 [emerg] 1#1: host not found in upstream "php" in /etc/nginx/conf.d/crud.conf:15
2021/09/23 06:15:39 [notice] 1#1: using the "epoll" event method
2021/09/23 06:15:39 [notice] 1#1: nginx/1.21.3
2021/09/23 06:15:39 [notice] 1#1: built by gcc 10.3.1 20210424 (Alpine 10.3.1_git20210424) 
2021/09/23 06:15:39 [notice] 1#1: OS: Linux 5.4.0-86-generic
2021/09/23 06:15:39 [notice] 1#1: getrlimit(RLIMIT_NOFILE): 1048576:1048576
2021/09/23 06:15:39 [notice] 1#1: start worker processes
2021/09/23 06:15:39 [notice] 1#1: start worker process 22
2021/09/23 06:15:39 [notice] 1#1: start worker process 23
2021/09/23 06:15:39 [notice] 1#1: start worker process 24
2021/09/23 06:15:39 [notice] 1#1: start worker process 25
2021/09/23 18:58:59 [notice] 1#1: using the "epoll" event method
2021/09/23 18:58:59 [notice] 1#1: nginx/1.21.3
2021/09/23 18:58:59 [notice] 1#1: built by gcc 10.3.1 20210424 (Alpine 10.3.1_git20210424) 
2021/09/23 18:58:59 [notice] 1#1: OS: Linux 5.11.0-36-generic
2021/09/23 18:58:59 [notice] 1#1: getrlimit(RLIMIT_NOFILE): 1048576:1048576
2021/09/23 18:58:59 [notice] 1#1: start worker processes
2021/09/23 18:58:59 [notice] 1#1: start worker process 21
2021/09/23 19:42:29 [notice] 1#1: signal 3 (SIGQUIT) received, shutting down
2021/09/23 19:42:29 [notice] 21#21: gracefully shutting down
2021/09/23 19:42:29 [notice] 21#21: exiting
2021/09/23 19:42:29 [notice] 21#21: exit
2021/09/23 19:42:29 [notice] 1#1: signal 17 (SIGCHLD) received from 21
2021/09/23 19:42:29 [notice] 1#1: worker process 21 exited with code 0
2021/09/23 19:42:29 [notice] 1#1: exit
2021/09/23 19:45:10 [emerg] 1#1: host not found in upstream "php" in /etc/nginx/conf.d/crud.conf:15
2021/09/23 19:45:23 [emerg] 1#1: host not found in upstream "php" in /etc/nginx/conf.d/crud.conf:15
2021/09/23 19:45:49 [emerg] 1#1: host not found in upstream "php" in /etc/nginx/conf.d/crud.conf:15
2021/09/23 19:46:05 [emerg] 1#1: host not found in upstream "php" in /etc/nginx/conf.d/crud.conf:15
2021/09/23 19:46:19 [emerg] 1#1: host not found in upstream "php" in /etc/nginx/conf.d/crud.conf:15
2021/09/23 19:46:32 [emerg] 1#1: host not found in upstream "php" in /etc/nginx/conf.d/crud.conf:15
2021/09/23 19:46:46 [emerg] 1#1: host not found in upstream "php" in /etc/nginx/conf.d/crud.conf:15
2021/09/23 19:47:00 [emerg] 1#1: host not found in upstream "php" in /etc/nginx/conf.d/crud.conf:15
2021/09/23 19:47:19 [emerg] 1#1: host not found in upstream "php" in /etc/nginx/conf.d/crud.conf:15
2021/09/23 19:47:51 [emerg] 1#1: host not found in upstream "php" in /etc/nginx/conf.d/crud.conf:15
2021/09/23 19:48:48 [emerg] 1#1: host not found in upstream "php" in /etc/nginx/conf.d/crud.conf:15
2021/09/23 19:49:56 [emerg] 1#1: host not found in upstream "php" in /etc/nginx/conf.d/crud.conf:15
2021/09/23 19:51:02 [emerg] 1#1: host not found in upstream "php" in /etc/nginx/conf.d/crud.conf:15
2021/09/23 19:52:13 [emerg] 1#1: host not found in upstream "php" in /etc/nginx/conf.d/crud.conf:15
2021/09/23 19:53:23 [emerg] 1#1: host not found in upstream "php" in /etc/nginx/conf.d/crud.conf:15
2021/09/23 19:54:30 [emerg] 1#1: host not found in upstream "php" in /etc/nginx/conf.d/crud.conf:15
2021/09/23 19:55:38 [emerg] 1#1: host not found in upstream "php" in /etc/nginx/conf.d/crud.conf:15
2021/09/23 19:56:44 [emerg] 1#1: host not found in upstream "php" in /etc/nginx/conf.d/crud.conf:15
2021/09/23 19:57:50 [emerg] 1#1: host not found in upstream "php" in /etc/nginx/conf.d/crud.conf:15
2021/09/23 19:58:57 [emerg] 1#1: host not found in upstream "php" in /etc/nginx/conf.d/crud.conf:15
2021/09/23 20:00:03 [emerg] 1#1: host not found in upstream "php" in /etc/nginx/conf.d/crud.conf:15
2021/09/23 20:01:09 [emerg] 1#1: host not found in upstream "php" in /etc/nginx/conf.d/crud.conf:15
2021/09/23 20:02:15 [emerg] 1#1: host not found in upstream "php" in /etc/nginx/conf.d/crud.conf:15
2021/09/23 20:03:22 [emerg] 1#1: host not found in upstream "php" in /etc/nginx/conf.d/crud.conf:15
2021/09/23 20:04:28 [emerg] 1#1: host not found in upstream "php" in /etc/nginx/conf.d/crud.conf:15
2021/09/23 20:05:35 [emerg] 1#1: host not found in upstream "php" in /etc/nginx/conf.d/crud.conf:15
2021/09/23 20:06:43 [emerg] 1#1: host not found in upstream "php" in /etc/nginx/conf.d/crud.conf:15
2021/09/23 20:07:49 [emerg] 1#1: host not found in upstream "php" in /etc/nginx/conf.d/crud.conf:15
2021/09/23 20:08:56 [emerg] 1#1: host not found in upstream "php" in /etc/nginx/conf.d/crud.conf:15
2021/09/23 20:10:02 [emerg] 1#1: host not found in upstream "php" in /etc/nginx/conf.d/crud.conf:15
2021/09/23 20:11:10 [emerg] 1#1: host not found in upstream "php" in /etc/nginx/conf.d/crud.conf:15
2021/09/23 20:12:17 [emerg] 1#1: host not found in upstream "php" in /etc/nginx/conf.d/crud.conf:15
2021/09/23 20:13:23 [emerg] 1#1: host not found in upstream "php" in /etc/nginx/conf.d/crud.conf:15
2021/09/23 20:13:54 [emerg] 1#1: host not found in upstream "php" in /etc/nginx/conf.d/crud.conf:15
2021/09/23 20:14:03 [emerg] 1#1: host not found in upstream "php" in /etc/nginx/conf.d/crud.conf:15
2021/09/23 20:14:14 [emerg] 1#1: host not found in upstream "php" in /etc/nginx/conf.d/crud.conf:15
2021/09/23 20:14:26 [emerg] 1#1: host not found in upstream "php" in /etc/nginx/conf.d/crud.conf:15
2021/09/23 20:14:36 [emerg] 1#1: host not found in upstream "php" in /etc/nginx/conf.d/crud.conf:15
2021/09/23 20:14:46 [emerg] 1#1: host not found in upstream "php" in /etc/nginx/conf.d/crud.conf:15
2021/09/23 20:14:57 [emerg] 1#1: host not found in upstream "php" in /etc/nginx/conf.d/crud.conf:15
2021/09/23 20:15:11 [emerg] 1#1: host not found in upstream "php" in /etc/nginx/conf.d/crud.conf:15
2021/09/23 20:15:31 [emerg] 1#1: host not found in upstream "php" in /etc/nginx/conf.d/crud.conf:15
2021/09/23 20:16:06 [notice] 1#1: using the "epoll" event method
2021/09/23 20:16:06 [notice] 1#1: nginx/1.21.3
2021/09/23 20:16:06 [notice] 1#1: built by gcc 10.3.1 20210424 (Alpine 10.3.1_git20210424) 
2021/09/23 20:16:06 [notice] 1#1: OS: Linux 5.11.0-36-generic
2021/09/23 20:16:06 [notice] 1#1: getrlimit(RLIMIT_NOFILE): 1048576:1048576
2021/09/23 20:16:06 [notice] 1#1: start worker processes
2021/09/23 20:16:06 [notice] 1#1: start worker process 22
2021/09/23 21:00:09 [emerg] 1#1: host not found in upstream "php" in /etc/nginx/conf.d/crud.conf:15
2021/09/23 21:00:19 [emerg] 1#1: host not found in upstream "php" in /etc/nginx/conf.d/crud.conf:15
2021/09/23 21:00:34 [emerg] 1#1: host not found in upstream "php" in /etc/nginx/conf.d/crud.conf:15
2021/09/23 21:00:46 [emerg] 1#1: host not found in upstream "php" in /etc/nginx/conf.d/crud.conf:15
2021/09/23 21:00:54 [emerg] 1#1: host not found in upstream "php" in /etc/nginx/conf.d/crud.conf:15
2021/09/23 21:01:02 [emerg] 1#1: host not found in upstream "php" in /etc/nginx/conf.d/crud.conf:15
2021/09/23 21:01:12 [emerg] 1#1: host not found in upstream "php" in /etc/nginx/conf.d/crud.conf:15
2021/09/23 21:01:25 [emerg] 1#1: host not found in upstream "php" in /etc/nginx/conf.d/crud.conf:15
2021/09/23 21:01:45 [emerg] 1#1: host not found in upstream "php" in /etc/nginx/conf.d/crud.conf:15
2021/09/23 21:01:55 [emerg] 1#1: host not found in upstream "php" in /etc/nginx/conf.d/crud.conf:15
2021/09/23 21:02:03 [emerg] 1#1: host not found in upstream "php" in /etc/nginx/conf.d/crud.conf:15
2021/09/23 21:02:15 [emerg] 1#1: host not found in upstream "php" in /etc/nginx/conf.d/crud.conf:15
2021/09/23 21:02:26 [emerg] 1#1: host not found in upstream "php" in /etc/nginx/conf.d/crud.conf:15
2021/09/23 21:02:39 [emerg] 1#1: host not found in upstream "php" in /etc/nginx/conf.d/crud.conf:15
2021/09/23 21:02:50 [emerg] 1#1: host not found in upstream "php" in /etc/nginx/conf.d/crud.conf:15
2021/09/23 21:03:03 [emerg] 1#1: host not found in upstream "php" in /etc/nginx/conf.d/crud.conf:15
2021/09/23 21:03:18 [emerg] 1#1: host not found in upstream "php" in /etc/nginx/conf.d/crud.conf:15
2021/09/23 21:03:38 [emerg] 1#1: host not found in upstream "php" in /etc/nginx/conf.d/crud.conf:15
2021/09/23 21:04:11 [notice] 1#1: using the "epoll" event method
2021/09/23 21:04:11 [notice] 1#1: nginx/1.21.3
2021/09/23 21:04:11 [notice] 1#1: built by gcc 10.3.1 20210424 (Alpine 10.3.1_git20210424) 
2021/09/23 21:04:11 [notice] 1#1: OS: Linux 5.11.0-36-generic
2021/09/23 21:04:11 [notice] 1#1: getrlimit(RLIMIT_NOFILE): 1048576:1048576
2021/09/23 21:04:11 [notice] 1#1: start worker processes
2021/09/23 21:04:11 [notice] 1#1: start worker process 22
2021/09/23 21:30:09 [error] 22#22: *34 FastCGI sent in stderr: "Primary script unknown" while reading response header from upstream, client: 172.18.0.1, server: crud.local, request: "GET /docAdd.php HTTP/1.1", upstream: "fastcgi://172.18.0.2:9000", host: "crud.local"
